<?xml version="1.0" encoding="UTF-8"?>
<testng-results ignored="0" total="1" passed="1" failed="0" skipped="0">
  <reporter-output>
  </reporter-output>
  <suite started-at="2019-02-20T20:26:52Z" name="Default suite" finished-at="2019-02-20T20:27:07Z" duration-ms="14292">
    <groups>
    </groups>
    <test started-at="2019-02-20T20:26:52Z" name="Default test" finished-at="2019-02-20T20:27:07Z" duration-ms="14292">
      <class name="testcases.LoginApp">
        <test-method signature="Login()[pri:0, instance:testcases.LoginApp@6ad82709]" started-at="2019-02-20T20:26:52Z" name="Login" finished-at="2019-02-20T20:27:07Z" duration-ms="14262" status="PASS">
          <reporter-output>
          </reporter-output>
        </test-method> <!-- Login -->
      </class> <!-- testcases.LoginApp -->
    </test> <!-- Default test -->
  </suite> <!-- Default suite -->
</testng-results>
